{
  "0 debug pnpm:scope": {
    "selected": 1
  },
  "1 error pnpm": {
    "code": "ELIFECYCLE",
    "errno": "ENOENT",
    "syscall": "spawn",
    "file": "sh",
    "pkgid": "population-app@0.1.0",
    "stage": "start",
    "script": "react-scripts start",
    "pkgname": "population-app",
    "err": {
      "name": "pnpm",
      "message": "population-app@0.1.0 start: `react-scripts start`\nspawn ENOENT",
      "code": "ELIFECYCLE",
      "stack": "pnpm: population-app@0.1.0 start: `react-scripts start`\nspawn ENOENT\n    at ChildProcess.<anonymous> (/usr/local/lib/node_modules/pnpm/dist/pnpm.cjs:92384:22)\n    at ChildProcess.emit (events.js:400:28)\n    at maybeClose (internal/child_process.js:1058:16)\n    at Process.ChildProcess._handle.onexit (internal/child_process.js:293:5)"
    }
  }
}